
> website-with-style-guide@0.0.0 start
> ng serve --port 4200

[33m>[39m Building...
[32m√[39m Building...
[1mInitial chunk files[22m[2m | [22m[1mNames[22m        [2m | [22m [1mRaw size[22m
[32mstyles.css[39m         [2m | [22m[2mstyles[22m       [2m | [22m[36m474.26 kB[39m[2m | [22m
[32mmain.js[39m            [2m | [22m[2mmain[22m         [2m | [22m [36m96.89 kB[39m[2m | [22m

[1m [22m                  [2m | [22m[1mInitial total[22m[2m | [22m[1m571.15 kB[22m

Application bundle generation complete. [3.884 seconds] - 2026-05-05T10:11:12.876Z

Watch mode enabled. Watching for file changes...
NOTE: Raw file sizes do not reflect development server per-request transformations.
[2m12:11:13[22m [36m[1m[vite][22m[39m [90m[2m(client)[22m[39m Re-optimizing dependencies because lockfile has changed
  [32m➜[39m  [1mLocal[22m:   [36mhttp://localhost:[1m4200[22m/[39m
[33m>[39m Changes detected. Rebuilding...
[32m√[39m Changes detected. Rebuilding...
[1mInitial chunk files[22m[2m | [22m[1mNames[22m[2m | [22m[1mRaw size[22m
[32mmain.js[39m            [2m | [22m[2mmain[22m [2m | [22m[36m97.25 kB[39m[2m | [22m

Application bundle generation complete. [1.433 seconds] - 2026-05-05T12:24:29.111Z

Page reload sent to client(s).
[33m>[39m Changes detected. Rebuilding...
[32m√[39m Changes detected. Rebuilding...
[1mInitial chunk files[22m[2m | [22m[1mNames[22m[2m | [22m[1mRaw size[22m
[32mmain.js[39m            [2m | [22m[2mmain[22m [2m | [22m[36m97.54 kB[39m[2m | [22m

Application bundle generation complete. [0.747 seconds] - 2026-05-05T13:36:39.612Z

Page reload sent to client(s).
[33m>[39m Changes detected. Rebuilding...
[32m√[39m Changes detected. Rebuilding...
[1mInitial chunk files[22m[2m | [22m[1mNames[22m        [2m | [22m [1mRaw size[22m
[32mstyles.css[39m         [2m | [22m[2mstyles[22m       [2m | [22m[36m474.30 kB[39m[2m | [22m
[32mmain.js[39m            [2m | [22m[2mmain[22m         [2m | [22m[36m104.41 kB[39m[2m | [22m

[1m [22m                  [2m | [22m[1mInitial total[22m[2m | [22m[1m578.71 kB[22m

Application bundle generation complete. [1.283 seconds] - 2026-05-05T13:51:44.742Z

Page reload sent to client(s).
[33m>[39m Changes detected. Rebuilding...
[32m√[39m Changes detected. Rebuilding...
[1mInitial chunk files[22m[2m | [22m[1mNames[22m        [2m | [22m [1mRaw size[22m
[32mstyles.css[39m         [2m | [22m[2mstyles[22m       [2m | [22m[36m474.31 kB[39m[2m | [22m
[32mmain.js[39m            [2m | [22m[2mmain[22m         [2m | [22m[36m103.95 kB[39m[2m | [22m

[1m [22m                  [2m | [22m[1mInitial total[22m[2m | [22m[1m578.26 kB[22m

Application bundle generation complete. [1.668 seconds] - 2026-05-05T13:55:15.154Z

Page reload sent to client(s).
[33m>[39m Changes detected. Rebuilding...
[32m√[39m Changes detected. Rebuilding...
[1mInitial chunk files[22m[2m | [22m[1mNames[22m        [2m | [22m [1mRaw size[22m
[32mstyles.css[39m         [2m | [22m[2mstyles[22m       [2m | [22m[36m474.56 kB[39m[2m | [22m
[32mmain.js[39m            [2m | [22m[2mmain[22m         [2m | [22m[36m104.03 kB[39m[2m | [22m

[1m [22m                  [2m | [22m[1mInitial total[22m[2m | [22m[1m578.58 kB[22m

Application bundle generation complete. [2.644 seconds] - 2026-05-05T13:58:28.876Z

Page reload sent to client(s).
[33m>[39m Changes detected. Rebuilding...
[32m√[39m Changes detected. Rebuilding...
[1mInitial chunk files[22m[2m | [22m[1mNames[22m        [2m | [22m [1mRaw size[22m
[32mstyles.css[39m         [2m | [22m[2mstyles[22m       [2m | [22m[36m474.65 kB[39m[2m | [22m
[32mmain.js[39m            [2m | [22m[2mmain[22m         [2m | [22m[36m103.81 kB[39m[2m | [22m

[1m [22m                  [2m | [22m[1mInitial total[22m[2m | [22m[1m578.46 kB[22m

Application bundle generation complete. [0.981 seconds] - 2026-05-05T14:12:12.654Z

Page reload sent to client(s).
[33m>[39m Changes detected. Rebuilding...
[32m√[39m Changes detected. Rebuilding...
[1mInitial chunk files[22m[2m | [22m[1mNames[22m        [2m | [22m [1mRaw size[22m
[32mstyles.css[39m         [2m | [22m[2mstyles[22m       [2m | [22m[36m474.71 kB[39m[2m | [22m
[32mmain.js[39m            [2m | [22m[2mmain[22m         [2m | [22m[36m103.65 kB[39m[2m | [22m

[1m [22m                  [2m | [22m[1mInitial total[22m[2m | [22m[1m578.36 kB[22m

Application bundle generation complete. [0.882 seconds] - 2026-05-05T14:12:22.480Z

Page reload sent to client(s).
[33m>[39m Changes detected. Rebuilding...
[32m√[39m Changes detected. Rebuilding...
[1mInitial chunk files[22m[2m | [22m[1mNames[22m[2m | [22m [1mRaw size[22m
[32mmain.js[39m            [2m | [22m[2mmain[22m [2m | [22m[36m103.76 kB[39m[2m | [22m

Application bundle generation complete. [0.444 seconds] - 2026-05-05T14:29:05.531Z

Component update sent to client(s).
[33m>[39m Changes detected. Rebuilding...
[32m√[39m Changes detected. Rebuilding...
[1mInitial chunk files[22m[2m | [22m[1mNames[22m[2m | [22m [1mRaw size[22m
[32mmain.js[39m            [2m | [22m[2mmain[22m [2m | [22m[36m105.20 kB[39m[2m | [22m

Application bundle generation complete. [2.155 seconds] - 2026-05-05T15:00:32.183Z

Page reload sent to client(s).
[33m>[39m Changes detected. Rebuilding...
[32m√[39m Changes detected. Rebuilding...
[1mInitial chunk files[22m[2m | [22m[1mNames[22m[2m | [22m [1mRaw size[22m
[32mmain.js[39m            [2m | [22m[2mmain[22m [2m | [22m[36m105.05 kB[39m[2m | [22m

Application bundle generation complete. [0.592 seconds] - 2026-05-05T15:00:43.728Z

Component update sent to client(s).
[33m>[39m Changes detected. Rebuilding...
[32m√[39m Changes detected. Rebuilding...
[1mInitial chunk files[22m[2m | [22m[1mNames[22m[2m | [22m [1mRaw size[22m
[32mmain.js[39m            [2m | [22m[2mmain[22m [2m | [22m[36m105.05 kB[39m[2m | [22m

Application bundle generation complete. [0.715 seconds] - 2026-05-05T15:22:35.101Z

Component update sent to client(s).
[33m>[39m Changes detected. Rebuilding...
[32m√[39m Changes detected. Rebuilding...
[1mInitial chunk files[22m[2m | [22m[1mNames[22m[2m | [22m [1mRaw size[22m
[32mmain.js[39m            [2m | [22m[2mmain[22m [2m | [22m[36m100.24 kB[39m[2m | [22m

Application bundle generation complete. [0.770 seconds] - 2026-05-05T15:25:00.764Z

Page reload sent to client(s).
[33m>[39m Changes detected. Rebuilding...
[32m√[39m Changes detected. Rebuilding...
[1mInitial chunk files[22m[2m | [22m[1mNames[22m[2m | [22m [1mRaw size[22m
[32mmain.js[39m            [2m | [22m[2mmain[22m [2m | [22m[36m100.21 kB[39m[2m | [22m

Application bundle generation complete. [0.506 seconds] - 2026-05-05T15:27:18.059Z

Component update sent to client(s).
[33m>[39m Changes detected. Rebuilding...
[32m√[39m Changes detected. Rebuilding...
[1mInitial chunk files[22m[2m | [22m[1mNames[22m        [2m | [22m [1mRaw size[22m
[32mstyles.css[39m         [2m | [22m[2mstyles[22m       [2m | [22m[36m475.02 kB[39m[2m | [22m
[32mmain.js[39m            [2m | [22m[2mmain[22m         [2m | [22m[36m100.35 kB[39m[2m | [22m

[1m [22m                  [2m | [22m[1mInitial total[22m[2m | [22m[1m575.37 kB[22m

Application bundle generation complete. [0.880 seconds] - 2026-05-05T15:29:33.522Z

Page reload sent to client(s).
[33m>[39m Changes detected. Rebuilding...
[32m√[39m Changes detected. Rebuilding...
[1mInitial chunk files[22m[2m | [22m[1mNames[22m        [2m | [22m [1mRaw size[22m
[32mstyles.css[39m         [2m | [22m[2mstyles[22m       [2m | [22m[36m475.26 kB[39m[2m | [22m
[32mmain.js[39m            [2m | [22m[2mmain[22m         [2m | [22m[36m100.37 kB[39m[2m | [22m

[1m [22m                  [2m | [22m[1mInitial total[22m[2m | [22m[1m575.63 kB[22m

Application bundle generation complete. [0.464 seconds] - 2026-05-05T15:35:47.721Z

Page reload sent to client(s).
[33m>[39m Changes detected. Rebuilding...
[32m√[39m Changes detected. Rebuilding...
[1mInitial chunk files[22m[2m | [22m[1mNames[22m[2m | [22m [1mRaw size[22m
[32mmain.js[39m            [2m | [22m[2mmain[22m [2m | [22m[36m100.29 kB[39m[2m | [22m

Application bundle generation complete. [1.575 seconds] - 2026-05-05T16:09:34.874Z

Page reload sent to client(s).
[33m>[39m Changes detected. Rebuilding...
[32m√[39m Changes detected. Rebuilding...
[1mInitial chunk files[22m[2m | [22m[1mNames[22m[2m | [22m [1mRaw size[22m
[32mmain.js[39m            [2m | [22m[2mmain[22m [2m | [22m[36m100.30 kB[39m[2m | [22m

Application bundle generation complete. [0.560 seconds] - 2026-05-05T16:20:36.333Z

Page reload sent to client(s).
